debug-inspector/build/intermediates/manifest_merge_blame_file/debug/processDebugManifest/manifest-merger-blame-debug-report.txt
1<?xml version="1.0" encoding="utf-8"?>
2<manifest xmlns:android="http://schemas.android.com/apk/res/android"
3    package="com.shashank.appinspector" >
4
5    <uses-sdk android:minSdkVersion="24" />
6
7    <uses-permission android:name="android.permission.INTERNET" />
7-->src/main/AndroidManifest.xml:3:5-67
7-->src/main/AndroidManifest.xml:3:22-64
8
9    <application>
9-->src/main/AndroidManifest.xml:4:5-10:19
10        <provider
10-->src/main/AndroidManifest.xml:5:9-9:39
11            android:name="com.shashank.appinspector.DebugInspectorInitProvider"
11-->src/main/AndroidManifest.xml:6:13-55
12            android:authorities="${applicationId}.debug-inspector-init"
12-->src/main/AndroidManifest.xml:7:13-72
13            android:exported="false"
13-->src/main/AndroidManifest.xml:8:13-37
14            android:initOrder="100" />
14-->src/main/AndroidManifest.xml:9:13-36
15    </application>
16
17</manifest>